#
# A fatal error has been detected by the Java Runtime Environment:
#
#  Internal Error (constantPoolOop.hpp:299), pid=19761, tid=139982028302080
#  guarantee(tag_at(which).is_klass()) failed: Corrupted constant pool
#
# JRE version: 6.0_24-b24
# Java VM: OpenJDK 64-Bit Server VM (20.0-b12 mixed mode linux-amd64 compressed oops)
# Derivative: IcedTea6 1.11.5
# Distribution: Ubuntu 12.10, package 6b24-1.11.5-0ubuntu1~12.10.1
# If you would like to submit a bug report, please include
# instructions how to reproduce the bug and visit:
#   https://bugs.launchpad.net/ubuntu/+source/openjdk-6/
#

---------------  T H R E A D  ---------------

Current thread (0x00007f4fe4009000):  JavaThread "http-bio-9080-exec-8" daemon [_thread_in_vm, id=19807, stack(0x00007f501b026000,0x00007f501b127000)]

Stack: [0x00007f501b026000,0x00007f501b127000],  sp=0x00007f501b123ee0,  free space=1015k
Native frames: (J=compiled Java code, j=interpreted, Vv=VM code, C=native code)
V  [libjvm.so+0x797b05]  VMError::report(outputStream*)+0x1245
V  [libjvm.so+0x797d89]  VMError::report_and_die()+0x169
V  [libjvm.so+0x3c0f8a]  report_vm_error(char const*, int, char const*, char const*)+0x4a
V  [libjvm.so+0x3b9bdf]  constantPoolOopDesc::klass_at_impl(constantPoolHandle, int, Thread*)+0x55f
V  [libjvm.so+0x5046a6]  constantPoolOopDesc::klass_at(int, Thread*)+0x46
V  [libjvm.so+0x50161d]  JVM_GetEnclosingMethodInfo+0x16d
j  java.lang.Class.getEnclosingMethod0()[Ljava/lang/Object;+0
j  java.lang.Class.getEnclosingMethodInfo()Ljava/lang/Class$EnclosingMethodInfo;+1
j  java.lang.Class.getEnclosingClass()Ljava/lang/Class;+1
j  java.lang.Class.getSimpleBinaryName()Ljava/lang/String;+1
j  java.lang.Class.getSimpleName()Ljava/lang/String;+34
j  java.lang.Class.isAnonymousClass()Z+3
j  org.apache.wicket.util.lang.Classes.simpleName(Ljava/lang/Class;)Ljava/lang/String;+5
j  org.apache.wicket.MarkupContainer.toString(Z)Ljava/lang/String;+18
j  org.apache.wicket.Component.renderHead(Lorg/apache/wicket/markup/html/internal/HtmlHeaderContainer;)V+33
j  org.apache.wicket.ajax.AbstractAjaxResponse$1.component(Lorg/apache/wicket/Component;Lorg/apache/wicket/util/visit/IVisit;)V+15
j  org.apache.wicket.ajax.AbstractAjaxResponse$1.component(Ljava/lang/Object;Lorg/apache/wicket/util/visit/IVisit;)V+6

Java frames: (J=compiled Java code, j=interpreted, Vv=VM code)
j  java.lang.Class.getEnclosingMethod0()[Ljava/lang/Object;+0
j  java.lang.Class.getEnclosingMethodInfo()Ljava/lang/Class$EnclosingMethodInfo;+1
j  java.lang.Class.getEnclosingClass()Ljava/lang/Class;+1
j  java.lang.Class.getSimpleBinaryName()Ljava/lang/String;+1
j  java.lang.Class.getSimpleName()Ljava/lang/String;+34
j  java.lang.Class.isAnonymousClass()Z+3
j  org.apache.wicket.util.lang.Classes.simpleName(Ljava/lang/Class;)Ljava/lang/String;+5
j  org.apache.wicket.MarkupContainer.toString(Z)Ljava/lang/String;+18
j  org.apache.wicket.Component.renderHead(Lorg/apache/wicket/markup/html/internal/HtmlHeaderContainer;)V+33
j  org.apache.wicket.ajax.AbstractAjaxResponse$1.component(Lorg/apache/wicket/Component;Lorg/apache/wicket/util/visit/IVisit;)V+15
j  org.apache.wicket.ajax.AbstractAjaxResponse$1.component(Ljava/lang/Object;Lorg/apache/wicket/util/visit/IVisit;)V+6
J  org.apache.wicket.util.visit.Visits.visitChildren(Ljava/lang/Iterable;Lorg/apache/wicket/util/visit/IVisitor;Lorg/apache/wicket/util/visit/IVisitFilter;Lorg/apache/wicket/util/visit/Visit;)V
j  org.apache.wicket.util.visit.Visits.visitChildren(Ljava/lang/Iterable;Lorg/apache/wicket/util/visit/IVisitor;Lorg/apache/wicket/util/visit/IVisitFilter;)Ljava/lang/Object;+12
j  org.apache.wicket.util.visit.Visits.visitChildren(Ljava/lang/Iterable;Lorg/apache/wicket/util/visit/IVisitor;)Ljava/lang/Object;+5
j  org.apache.wicket.MarkupContainer.visitChildren(Lorg/apache/wicket/util/visit/IVisitor;)Ljava/lang/Object;+2
j  org.apache.wicket.ajax.AbstractAjaxResponse.writeHeaderContribution(Lorg/apache/wicket/request/Response;Lorg/apache/wicket/Component;)V+94
j  org.apache.wicket.ajax.XmlAjaxResponse.writeComponent(Lorg/apache/wicket/request/Response;Ljava/lang/String;Lorg/apache/wicket/Component;Ljava/lang/String;)V+134
j  org.apache.wicket.ajax.AbstractAjaxResponse.writeComponents(Lorg/apache/wicket/request/Response;Ljava/lang/String;)V+71
j  org.apache.wicket.ajax.AbstractAjaxResponse.writeTo(Lorg/apache/wicket/request/Response;Ljava/lang/String;)V+13
j  org.apache.wicket.ajax.AjaxRequestHandler.respond(Lorg/apache/wicket/request/IRequestCycle;)V+177
j  org.apache.wicket.request.cycle.RequestCycle$HandlerExecutor.respond(Lorg/apache/wicket/request/IRequestHandler;)V+13
j  org.apache.wicket.request.RequestHandlerStack.execute(Lorg/apache/wicket/request/IRequestHandler;)V+21
j  org.apache.wicket.request.RequestHandlerStack.execute(Lorg/apache/wicket/request/IRequestHandler;)V+167
j  org.apache.wicket.request.cycle.RequestCycle.execute(Lorg/apache/wicket/request/IRequestHandler;)V+21
j  org.apache.wicket.request.cycle.RequestCycle.processRequest()Z+27
j  org.apache.wicket.request.cycle.RequestCycle.processRequestAndDetach()Z+1
j  org.apache.wicket.protocol.http.WicketFilter.processRequest(Ljavax/servlet/ServletRequest;Ljavax/servlet/ServletResponse;Ljavax/servlet/FilterChain;)Z+212
j  org.apache.wicket.protocol.http.WicketFilter.doFilter(Ljavax/servlet/ServletRequest;Ljavax/servlet/ServletResponse;Ljavax/servlet/FilterChain;)V+4
j  org.apache.catalina.core.ApplicationFilterChain.internalDoFilter(Ljavax/servlet/ServletRequest;Ljavax/servlet/ServletResponse;)V+151
j  org.apache.catalina.core.ApplicationFilterChain.doFilter(Ljavax/servlet/ServletRequest;Ljavax/servlet/ServletResponse;)V+101
j  org.apache.catalina.core.StandardWrapperValve.invoke(Lorg/apache/catalina/connector/Request;Lorg/apache/catalina/connector/Response;)V+780
j  org.apache.catalina.core.StandardContextValve.invoke(Lorg/apache/catalina/connector/Request;Lorg/apache/catalina/connector/Response;)V+278
j  org.apache.catalina.authenticator.AuthenticatorBase.invoke(Lorg/apache/catalina/connector/Request;Lorg/apache/catalina/connector/Response;)V+363
j  org.apache.catalina.core.StandardHostValve.invoke(Lorg/apache/catalina/connector/Request;Lorg/apache/catalina/connector/Response;)V+142
j  org.apache.catalina.valves.ErrorReportValve.invoke(Lorg/apache/catalina/connector/Request;Lorg/apache/catalina/connector/Response;)V+6
j  org.apache.catalina.core.StandardEngineValve.invoke(Lorg/apache/catalina/connector/Request;Lorg/apache/catalina/connector/Response;)V+71
j  org.apache.catalina.connector.CoyoteAdapter.service(Lorg/apache/coyote/Request;Lorg/apache/coyote/Response;)V+196
j  org.apache.coyote.http11.AbstractHttp11Processor.process(Lorg/apache/tomcat/util/net/SocketWrapper;)Lorg/apache/tomcat/util/net/AbstractEndpoint$Handler$SocketState;+520
j  org.apache.coyote.AbstractProtocol$AbstractConnectionHandler.process(Lorg/apache/tomcat/util/net/SocketWrapper;Lorg/apache/tomcat/util/net/SocketStatus;)Lorg/apache/tomcat/util/net/AbstractEndpoint$Handler$SocketState;+124
j  org.apache.tomcat.util.net.JIoEndpoint$SocketProcessor.run()V+130
j  java.util.concurrent.ThreadPoolExecutor.runWorker(Ljava/util/concurrent/ThreadPoolExecutor$Worker;)V+46
j  java.util.concurrent.ThreadPoolExecutor$Worker.run()V+5
j  java.lang.Thread.run()V+11
v  ~StubRoutines::call_stub

---------------  P R O C E S S  ---------------

Java Threads: ( => current thread )
  0x00007f4ff8003000 JavaThread "http-bio-9080-exec-10" daemon [_thread_blocked, id=19810, stack(0x00007f501ad23000,0x00007f501ae24000)]
  0x00007f4ff0098800 JavaThread "http-bio-9080-exec-9" daemon [_thread_blocked, id=19809, stack(0x00007f501ae24000,0x00007f501af25000)]
  0x00007f4ff0017000 JavaThread "ModificationWatcher Task" daemon [_thread_blocked, id=19808, stack(0x00007f501af25000,0x00007f501b026000)]
=>0x00007f4fe4009000 JavaThread "http-bio-9080-exec-8" daemon [_thread_in_vm, id=19807, stack(0x00007f501b026000,0x00007f501b127000)]
  0x00007f5000012000 JavaThread "http-bio-9080-exec-7" daemon [_thread_blocked, id=19806, stack(0x00007f501b127000,0x00007f501b228000)]
  0x00007f500000a800 JavaThread "Wicket-PageSavingThread" daemon [_thread_blocked, id=19805, stack(0x00007f501b228000,0x00007f501b329000)]
  0x00007f500800a800 JavaThread "http-bio-9080-exec-6" daemon [_thread_blocked, id=19804, stack(0x00007f501b345000,0x00007f501b446000)]
  0x00007f5008008800 JavaThread "http-bio-9080-exec-5" daemon [_thread_in_native, id=19803, stack(0x00007f501b446000,0x00007f501b547000)]
  0x00007f5008006800 JavaThread "http-bio-9080-exec-4" daemon [_thread_blocked, id=19802, stack(0x00007f501b547000,0x00007f501b648000)]
  0x00007f5008004800 JavaThread "http-bio-9080-exec-3" daemon [_thread_blocked, id=19801, stack(0x00007f501b648000,0x00007f501b749000)]
  0x00007f5008003000 JavaThread "http-bio-9080-exec-2" daemon [_thread_blocked, id=19800, stack(0x00007f501b749000,0x00007f501b84a000)]
  0x00007f5008001800 JavaThread "http-bio-9080-exec-1" daemon [_thread_blocked, id=19799, stack(0x00007f501b84a000,0x00007f501b94b000)]
  0x00007f501c015000 JavaThread "http-bio-9080-AsyncTimeout" daemon [_thread_blocked, id=19798, stack(0x00007f501b94b000,0x00007f501ba4c000)]
  0x00007f501c1f5800 JavaThread "http-bio-9080-Acceptor-0" daemon [_thread_in_native, id=19797, stack(0x00007f501ba4c000,0x00007f501bb4d000)]
  0x00007f501c1f5000 JavaThread "ContainerBackgroundProcessor[StandardEngine[Tomcat]]" daemon [_thread_blocked, id=19796, stack(0x00007f501bb4d000,0x00007f501bc4e000)]
  0x00007f501c34e000 JavaThread "GC-Monitor" daemon [_thread_blocked, id=19792, stack(0x00007f501beff000,0x00007f501c000000)]
  0x00007f501c34c000 JavaThread "Neo4j UDC Timer" daemon [_thread_blocked, id=19791, stack(0x00007f506403c000,0x00007f506413d000)]
  0x00007f506800b800 JavaThread "DestroyJavaVM" [_thread_blocked, id=19762, stack(0x00007f507179b000,0x00007f507189c000)]
  0x00007f506824d800 JavaThread "Thread-1" [_thread_blocked, id=19790, stack(0x00007f506454d000,0x00007f506464e000)]
  0x00007f506849f000 JavaThread "Timer-0" daemon [_thread_blocked, id=19789, stack(0x00007f506464e000,0x00007f506474f000)]
  0x00007f50680b1000 JavaThread "Low Memory Detector" daemon [_thread_blocked, id=19787, stack(0x00007f5064afb000,0x00007f5064bfc000)]
  0x00007f50680ae800 JavaThread "C2 CompilerThread1" daemon [_thread_blocked, id=19786, stack(0x00007f5064bfc000,0x00007f5064cfd000)]
  0x00007f50680ab800 JavaThread "C2 CompilerThread0" daemon [_thread_blocked, id=19785, stack(0x00007f5064cfd000,0x00007f5064dfe000)]
  0x00007f503c001000 JavaThread "JDWP Command Reader" daemon [_thread_in_native, id=19781, stack(0x00007f5064dfe000,0x00007f5064eff000)]
  0x00007f50680a9800 JavaThread "JDWP Event Helper Thread" daemon [_thread_blocked, id=19780, stack(0x00007f5064eff000,0x00007f5065000000)]
  0x00007f50680a5800 JavaThread "JDWP Transport Listener: dt_socket" daemon [_thread_blocked, id=19777, stack(0x00007f506c087000,0x00007f506c188000)]
  0x00007f506809a000 JavaThread "Signal Dispatcher" daemon [_thread_blocked, id=19775, stack(0x00007f506c38d000,0x00007f506c48e000)]
  0x00007f506807b800 JavaThread "Finalizer" daemon [_thread_blocked, id=19774, stack(0x00007f506c48e000,0x00007f506c58f000)]
  0x00007f506807a000 JavaThread "Reference Handler" daemon [_thread_blocked, id=19773, stack(0x00007f506c58f000,0x00007f506c690000)]

Other Threads:
  0x00007f5068073000 VMThread [stack: 0x00007f506c690000,0x00007f506c791000] [id=19772]
  0x00007f50680b3800 WatcherThread [stack: 0x00007f50649fa000,0x00007f5064afb000] [id=19788]

VM state:not at safepoint (normal execution)

VM Mutex/Monitor currently owned by a thread: None

Heap
 PSYoungGen      total 30976K, used 4446K [0x00000007d7800000, 0x00000007d9b20000, 0x0000000800000000)
  eden space 27008K, 13% used [0x00000007d7800000,0x00000007d7b838e0,0x00000007d9260000)
  from space 3968K, 21% used [0x00000007d9740000,0x00000007d9814030,0x00000007d9b20000)
  to   space 4480K, 0% used [0x00000007d9260000,0x00000007d9260000,0x00000007d96c0000)
 PSOldGen        total 82944K, used 5641K [0x0000000786800000, 0x000000078b900000, 0x00000007d7800000)
  object space 82944K, 6% used [0x0000000786800000,0x0000000786d824a8,0x000000078b900000)
 PSPermGen       total 34880K, used 34759K [0x000000077c200000, 0x000000077e410000, 0x0000000786800000)
  object space 34880K, 99% used [0x000000077c200000,0x000000077e3f1e80,0x000000077e410000)

Code Cache  [0x00007f5065000000, 0x00007f5065270000, 0x00007f5068000000)
 total_blobs=952 nmethods=610 adapters=304 free_code_cache=48350400 largest_free_block=6912

Dynamic libraries:
00400000-00409000 r-xp 00000000 07:00 4352                               /usr/lib/jvm/java-6-openjdk-amd64/jre/bin/java
00608000-00609000 r--p 00008000 07:00 4352                               /usr/lib/jvm/java-6-openjdk-amd64/jre/bin/java
00609000-0060a000 rw-p 00009000 07:00 4352                               /usr/lib/jvm/java-6-openjdk-amd64/jre/bin/java
00d5c000-00d7d000 rw-p 00000000 00:00 0                                  [heap]
77c200000-77e410000 rw-p 00000000 00:00 0 
77e410000-786800000 rw-p 00000000 00:00 0 
786800000-78b900000 rw-p 00000000 00:00 0 
78b900000-7d7800000 rw-p 00000000 00:00 0 
7d7800000-7d9b20000 rw-p 00000000 00:00 0 
7d9b20000-7da080000 ---p 00000000 00:00 0 
7da080000-800000000 rw-p 00000000 00:00 0 
7f4fe4000000-7f4fe402f000 rw-p 00000000 00:00 0 
7f4fe402f000-7f4fe8000000 ---p 00000000 00:00 0 
7f4fec000000-7f4fec07d000 rw-p 00000000 00:00 0 
7f4fec07d000-7f4ff0000000 ---p 00000000 00:00 0 
7f4ff0000000-7f4ff0198000 rw-p 00000000 00:00 0 
7f4ff0198000-7f4ff4000000 ---p 00000000 00:00 0 
7f4ff4000000-7f4ff4128000 rw-p 00000000 00:00 0 
7f4ff4128000-7f4ff8000000 ---p 00000000 00:00 0 
7f4ff8000000-7f4ff8021000 rw-p 00000000 00:00 0 
7f4ff8021000-7f4ffc000000 ---p 00000000 00:00 0 
7f4ffc000000-7f4ffc021000 rw-p 00000000 00:00 0 
7f4ffc021000-7f5000000000 ---p 00000000 00:00 0 
7f5000000000-7f5000024000 rw-p 00000000 00:00 0 
7f5000024000-7f5004000000 ---p 00000000 00:00 0 
7f5004000000-7f5004021000 rw-p 00000000 00:00 0 
7f5004021000-7f5008000000 ---p 00000000 00:00 0 
7f5008000000-7f5008021000 rw-p 00000000 00:00 0 
7f5008021000-7f500c000000 ---p 00000000 00:00 0 
7f500c000000-7f500c021000 rw-p 00000000 00:00 0 
7f500c021000-7f5010000000 ---p 00000000 00:00 0 
7f5010000000-7f501011e000 rw-p 00000000 00:00 0 
7f501011e000-7f5014000000 ---p 00000000 00:00 0 
7f5014000000-7f5014021000 rw-p 00000000 00:00 0 
7f5014021000-7f5018000000 ---p 00000000 00:00 0 
7f501a6e1000-7f501a6f9000 r-xp 00000000 07:00 528192                     /lib/x86_64-linux-gnu/libresolv-2.15.so
7f501a6f9000-7f501a8f9000 ---p 00018000 07:00 528192                     /lib/x86_64-linux-gnu/libresolv-2.15.so
7f501a8f9000-7f501a8fa000 r--p 00018000 07:00 528192                     /lib/x86_64-linux-gnu/libresolv-2.15.so
7f501a8fa000-7f501a8fb000 rw-p 00019000 07:00 528192                     /lib/x86_64-linux-gnu/libresolv-2.15.so
7f501a8fb000-7f501a8fd000 rw-p 00000000 00:00 0 
7f501a8fd000-7f501a904000 r-xp 00000000 07:00 528226                     /lib/x86_64-linux-gnu/libnss_dns-2.15.so
7f501a904000-7f501ab03000 ---p 00007000 07:00 528226                     /lib/x86_64-linux-gnu/libnss_dns-2.15.so
7f501ab03000-7f501ab04000 r--p 00006000 07:00 528226                     /lib/x86_64-linux-gnu/libnss_dns-2.15.so
7f501ab04000-7f501ab05000 rw-p 00007000 07:00 528226                     /lib/x86_64-linux-gnu/libnss_dns-2.15.so
7f501ab05000-7f501ab07000 r-xp 00000000 07:00 530925                     /lib/libnss_mdns4_minimal.so.2
7f501ab07000-7f501ad06000 ---p 00002000 07:00 530925                     /lib/libnss_mdns4_minimal.so.2
7f501ad06000-7f501ad07000 r--p 00001000 07:00 530925                     /lib/libnss_mdns4_minimal.so.2
7f501ad07000-7f501ad08000 rw-p 00002000 07:00 530925                     /lib/libnss_mdns4_minimal.so.2
7f501ad23000-7f501ad26000 ---p 00000000 00:00 0 
7f501ad26000-7f501ae24000 rw-p 00000000 00:00 0                          [stack:19810]
7f501ae24000-7f501ae27000 ---p 00000000 00:00 0 
7f501ae27000-7f501af25000 rw-p 00000000 00:00 0                          [stack:19809]
7f501af25000-7f501af28000 ---p 00000000 00:00 0 
7f501af28000-7f501b026000 rw-p 00000000 00:00 0                          [stack:19808]
7f501b026000-7f501b029000 ---p 00000000 00:00 0 
7f501b029000-7f501b127000 rw-p 00000000 00:00 0                          [stack:19807]
7f501b127000-7f501b12a000 ---p 00000000 00:00 0 
7f501b12a000-7f501b228000 rw-p 00000000 00:00 0                          [stack:19806]
7f501b228000-7f501b22b000 ---p 00000000 00:00 0 
7f501b22b000-7f501b329000 rw-p 00000000 00:00 0                          [stack:19805]
7f501b329000-7f501b337000 r--s 00351000 07:00 1714578                    /usr/lib/jvm/java-6-openjdk-common/jre/lib/charsets.jar
7f501b337000-7f501b345000 r--s 00351000 07:00 1714578                    /usr/lib/jvm/java-6-openjdk-common/jre/lib/charsets.jar
7f501b345000-7f501b348000 ---p 00000000 00:00 0 
7f501b348000-7f501b446000 rw-p 00000000 00:00 0                          [stack:19804]
7f501b446000-7f501b449000 ---p 00000000 00:00 0 
7f501b449000-7f501b547000 rw-p 00000000 00:00 0                          [stack:19803]
7f501b547000-7f501b54a000 ---p 00000000 00:00 0 
7f501b54a000-7f501b648000 rw-p 00000000 00:00 0                          [stack:19802]
7f501b648000-7f501b64b000 ---p 00000000 00:00 0 
7f501b64b000-7f501b749000 rw-p 00000000 00:00 0                          [stack:19801]
7f501b749000-7f501b74c000 ---p 00000000 00:00 0 
7f501b74c000-7f501b84a000 rw-p 00000000 00:00 0                          [stack:19800]
7f501b84a000-7f501b84d000 ---p 00000000 00:00 0 
7f501b84d000-7f501b94b000 rw-p 00000000 00:00 0                          [stack:19799]
7f501b94b000-7f501b94e000 ---p 00000000 00:00 0 
7f501b94e000-7f501ba4c000 rw-p 00000000 00:00 0                          [stack:19798]
7f501ba4c000-7f501ba4f000 ---p 00000000 00:00 0 
7f501ba4f000-7f501bb4d000 rw-p 00000000 00:00 0                          [stack:19797]
7f501bb4d000-7f501bb50000 ---p 00000000 00:00 0 
7f501bb50000-7f501bc4e000 rw-p 00000000 00:00 0                          [stack:19796]
7f501bc4e000-7f501bc58000 r--s 0005c000 07:00 1318891                    /tmp/jar_cache3500706593423786912.tmp (deleted)
7f501bc58000-7f501bc5f000 r--s 00000000 07:00 5445                       /usr/lib/x86_64-linux-gnu/gconv/gconv-modules.cache
7f501bc5f000-7f501bc83000 r--p 00000000 07:00 7499                       /usr/share/locale-langpack/pl/LC_MESSAGES/libc.mo
7f501bc83000-7f501bca6000 r--s 001a2000 07:00 1318886                    /tmp/jar_cache6350138616099723131.tmp (deleted)
7f501bca6000-7f501bca9000 ---p 00000000 00:00 0 
7f501bca9000-7f501bda7000 rw-p 00000000 00:00 0 
7f501bda7000-7f501bdaa000 ---p 00000000 00:00 0 
7f501bdaa000-7f501bea8000 rw-p 00000000 00:00 0 
7f501bea8000-7f501beab000 r--s 0000c000 07:00 1318871                    /tmp/jar_cache2576390141243303282.tmp (deleted)
7f501beab000-7f501beaf000 r--s 0002f000 07:00 1318869                    /tmp/jar_cache6090129936683351501.tmp (deleted)
7f501beaf000-7f501beb1000 r--s 00005000 07:00 1318866                    /tmp/jar_cache5400329458820368316.tmp (deleted)
7f501beb1000-7f501beb4000 r--s 00012000 07:00 1318864                    /tmp/jar_cache6991428856556686764.tmp (deleted)
7f501beb4000-7f501bed6000 r--s 0024f000 07:00 1318861                    /tmp/jar_cache6639954884348536396.tmp (deleted)
7f501bed6000-7f501bed8000 r--s 00008000 07:00 1318848                    /tmp/jar_cache8265345145049302367.tmp (deleted)
7f501bed8000-7f501bedc000 r--s 00028000 07:00 1318845                    /tmp/jar_cache6245094190834221149.tmp (deleted)
7f501bedc000-7f501bede000 r--s 0000a000 07:00 1318840                    /tmp/jar_cache6748252012947861971.tmp (deleted)
7f501bede000-7f501bee1000 r--s 00013000 07:00 1318838                    /tmp/jar_cache3917421469511144507.tmp (deleted)
7f501bee1000-7f501bef0000 r--s 00193000 07:00 1318837                    /tmp/jar_cache530031146776041768.tmp (deleted)
7f501bef0000-7f501bef3000 r--s 0001c000 07:00 1318824                    /tmp/jar_cache622868106450900784.tmp (deleted)
7f501bef3000-7f501bef4000 r--s 00001000 07:00 1318823                    /tmp/jar_cache2577221052540135552.tmp (deleted)
7f501bef4000-7f501bef5000 r--s 00005000 07:00 1318655                    /tmp/jar_cache1973674071510974468.tmp (deleted)
7f501bef5000-7f501befd000 r--s 00089000 07:00 1318653                    /tmp/jar_cache2040836969314118172.tmp (deleted)
7f501befd000-7f501beff000 r--s 00005000 07:00 1318649                    /tmp/jar_cache860489829084121253.tmp (deleted)
7f501beff000-7f501bf02000 ---p 00000000 00:00 0 
7f501bf02000-7f501c000000 rw-p 00000000 00:00 0                          [stack:19792]
7f501c000000-7f501c3e3000 rw-p 00000000 00:00 0 
7f501c3e3000-7f5020000000 ---p 00000000 00:00 0 
7f5020000000-7f5020021000 rw-p 00000000 00:00 0 
7f5020021000-7f5024000000 ---p 00000000 00:00 0 
7f5024000000-7f5024021000 rw-p 00000000 00:00 0 
7f5024021000-7f5028000000 ---p 00000000 00:00 0 
7f5028000000-7f5028021000 rw-p 00000000 00:00 0 
7f5028021000-7f502c000000 ---p 00000000 00:00 0 
7f502c000000-7f502cc12000 rw-p 00000000 00:00 0 
7f502cc12000-7f5030000000 ---p 00000000 00:00 0 
7f5030000000-7f5030021000 rw-p 00000000 00:00 0 
7f5030021000-7f5034000000 ---p 00000000 00:00 0 
7f5034000000-7f5034021000 rw-p 00000000 00:00 0 
7f5034021000-7f5038000000 ---p 00000000 00:00 0 
7f5038000000-7f5038d42000 rw-p 00000000 00:00 0 
7f5038d42000-7f503c000000 ---p 00000000 00:00 0 
7f503c000000-7f503c048000 rw-p 00000000 00:00 0 
7f503c048000-7f5040000000 ---p 00000000 00:00 0 
7f5040000000-7f5040021000 rw-p 00000000 00:00 0 
7f5040021000-7f5044000000 ---p 00000000 00:00 0 
7f5044000000-7f5044021000 rw-p 00000000 00:00 0 
7f5044021000-7f5048000000 ---p 00000000 00:00 0 
7f5048000000-7f5048021000 rw-p 00000000 00:00 0 
7f5048021000-7f504c000000 ---p 00000000 00:00 0 
7f504c000000-7f504c021000 rw-p 00000000 00:00 0 
7f504c021000-7f5050000000 ---p 00000000 00:00 0 
7f5050000000-7f5050021000 rw-p 00000000 00:00 0 
7f5050021000-7f5054000000 ---p 00000000 00:00 0 
7f5054000000-7f5054021000 rw-p 00000000 00:00 0 
7f5054021000-7f5058000000 ---p 00000000 00:00 0 
7f5058000000-7f5058022000 rw-p 00000000 00:00 0 
7f5058022000-7f505c000000 ---p 00000000 00:00 0 
7f505c000000-7f505c021000 rw-p 00000000 00:00 0 
7f505c021000-7f5060000000 ---p 00000000 00:00 0 
7f5060000000-7f5060021000 rw-p 00000000 00:00 0 
7f5060021000-7f5064000000 ---p 00000000 00:00 0 
7f5064000000-7f5064002000 r--s 00005000 07:00 1318893                    /tmp/jar_cache491369870531888883.tmp (deleted)
7f5064002000-7f5064005000 r--s 00012000 07:00 1318888                    /tmp/jar_cache2984153077301435782.tmp (deleted)
7f5064005000-7f5064016000 r--s 00138000 07:00 1318884                    /tmp/jar_cache1480643239948349125.tmp (deleted)
7f5064016000-7f5064019000 r--s 0000a000 07:00 1318881                    /tmp/jar_cache6083580885593531349.tmp (deleted)
7f5064019000-7f506401e000 r--s 0001e000 07:00 1318880                    /tmp/jar_cache8337578055973737672.tmp (deleted)
7f506401e000-7f506402d000 r--s 0007c000 07:00 1318878                    /tmp/jar_cache1480668131659973905.tmp (deleted)
7f506402d000-7f5064030000 r--s 00038000 07:00 1318876                    /tmp/jar_cache7043716587884410881.tmp (deleted)
7f5064030000-7f5064032000 r--s 00001000 07:00 1318874                    /tmp/jar_cache2265856469818031471.tmp (deleted)
7f5064032000-7f506403c000 r--s 00081000 07:00 1318873                    /tmp/jar_cache684204052886704548.tmp (deleted)
7f506403c000-7f506403f000 ---p 00000000 00:00 0 
7f506403f000-7f506413d000 rw-p 00000000 00:00 0                          [stack:19791]
7f506413d000-7f5064145000 r-xp 00000000 07:00 4325                       /usr/lib/jvm/java-6-openjdk-amd64/jre/lib/amd64/libnio.so
7f5064145000-7f5064344000 ---p 00008000 07:00 4325                       /usr/lib/jvm/java-6-openjdk-amd64/jre/lib/amd64/libnio.so
7f5064344000-7f5064345000 r--p 00007000 07:00 4325                       /usr/lib/jvm/java-6-openjdk-amd64/jre/lib/amd64/libnio.so
7f5064345000-7f5064346000 rw-p 00008000 07:00 4325                       /usr/lib/jvm/java-6-openjdk-amd64/jre/lib/amd64/libnio.so
7f5064346000-7f506434c000 r-xp 00000000 07:00 4334                       /usr/lib/jvm/java-6-openjdk-amd64/jre/lib/amd64/libmanagement.so
7f506434c000-7f506454b000 ---p 00006000 07:00 4334                       /usr/lib/jvm/java-6-openjdk-amd64/jre/lib/amd64/libmanagement.so
7f506454b000-7f506454c000 r--p 00005000 07:00 4334                       /usr/lib/jvm/java-6-openjdk-amd64/jre/lib/amd64/libmanagement.so
7f506454c000-7f506454d000 rw-p 00006000 07:00 4334                       /usr/lib/jvm/java-6-openjdk-amd64/jre/lib/amd64/libmanagement.so
7f506454d000-7f5064550000 ---p 00000000 00:00 0 
7f5064550000-7f506464e000 rw-p 00000000 00:00 0                          [stack:19790]
7f506464e000-7f5064651000 ---p 00000000 00:00 0 
7f5064651000-7f506474f000 rw-p 00000000 00:00 0                          [stack:19789]
7f506474f000-7f5064764000 r-xp 00000000 07:00 4329                       /usr/lib/jvm/java-6-openjdk-amd64/jre/lib/amd64/libnet.so
7f5064764000-7f5064963000 ---p 00015000 07:00 4329                       /usr/lib/jvm/java-6-openjdk-amd64/jre/lib/amd64/libnet.so
7f5064963000-7f5064964000 r--p 00014000 07:00 4329                       /usr/lib/jvm/java-6-openjdk-amd64/jre/lib/amd64/libnet.so
7f5064964000-7f5064965000 rw-p 00015000 07:00 4329                       /usr/lib/jvm/java-6-openjdk-amd64/jre/lib/amd64/libnet.so
7f5064965000-7f5064968000 r--s 00015000 07:00 1181244                    /home/activey/.m2/repository/pl/doa/doa-bootstrap/0.0.1/doa-bootstrap-0.0.1.jar
7f5064968000-7f5064983000 r--s 001b2000 07:00 921102                     /home/activey/.m2/repository/aspectj/aspectjweaver/1.5.3/aspectjweaver-1.5.3.jar
7f5064983000-7f5064988000 r--s 00018000 07:00 921113                     /home/activey/.m2/repository/aspectj/aspectjrt/1.5.3/aspectjrt-1.5.3.jar
7f5064988000-7f50649a0000 r--s 0014e000 07:00 1192392                    /home/activey/.m2/repository/org/apache/lucene/lucene-core/3.5.0/lucene-core-3.5.0.jar
7f50649a0000-7f50649a3000 r--s 00023000 07:00 1191397                    /home/activey/.m2/repository/org/neo4j/neo4j-lucene-index/1.8.M06/neo4j-lucene-index-1.8.M06.jar
7f50649a3000-7f50649a5000 r--s 00007000 07:00 1191395                    /home/activey/.m2/repository/org/neo4j/neo4j-udc/1.8.M06/neo4j-udc-1.8.M06.jar
7f50649a5000-7f50649a6000 r--s 00003000 07:00 1179812                    /home/activey/.m2/repository/org/apache/geronimo/specs/geronimo-jta_1.1_spec/1.1.1/geronimo-jta_1.1_spec-1.1.1.jar
7f50649a6000-7f50649c1000 r--s 0012e000 07:00 1191393                    /home/activey/.m2/repository/org/neo4j/neo4j-kernel/1.8.M06/neo4j-kernel-1.8.M06.jar
7f50649c1000-7f50649c3000 r--s 0000b000 07:00 1191392                    /home/activey/.m2/repository/org/neo4j/neo4j-graph-matching/1.8.M06/neo4j-graph-matching-1.8.M06.jar
7f50649c3000-7f50649c7000 r--s 00033000 07:00 1180557                    /home/activey/.m2/repository/org/codehaus/plexus/plexus-utils/2.0.6/plexus-utils-2.0.6.jar
7f50649c7000-7f50649c9000 r--s 00026000 07:00 1179052                    /home/activey/.m2/repository/org/apache/maven/maven-model/3.0.3/maven-model-3.0.3.jar
7f50649c9000-7f50649cd000 r--s 00024000 07:00 1050300                    /home/activey/.m2/repository/com/uwyn/continuations/1.6.1/continuations-1.6.1.jar
7f50649cd000-7f50649dc000 r--s 000d9000 07:00 1179834                    /home/activey/.m2/repository/org/apache/ivy/ivy/2.2.0/ivy-2.2.0.jar
7f50649dc000-7f50649fa000 r--s 0027d000 07:00 1181405                    /home/activey/.m2/repository/xalan/xalan/2.7.0/xalan-2.7.0.jar
7f50649fa000-7f50649fb000 ---p 00000000 00:00 0 
7f50649fb000-7f5064afb000 rw-p 00000000 00:00 0                          [stack:19788]
7f5064afb000-7f5064afe000 ---p 00000000 00:00 0 
7f5064afe000-7f5064bfc000 rw-p 00000000 00:00 0                          [stack:19787]
7f5064bfc000-7f5064bff000 ---p 00000000 00:00 0 
7f5064bff000-7f5064cfd000 rw-p 00000000 00:00 0                          [stack:19786]
7f5064cfd000-7f5064d00000 ---p 00000000 00:00 0 
7f5064d00000-7f5064dfe000 rw-p 00000000 00:00 0                          [stack:19785]
7f5064dfe000-7f5064e01000 ---p 00000000 00:00 0 
7f5064e01000-7f5064eff000 rw-p 00000000 00:00 0                          [stack:19781]
7f5064eff000-7f5064f02000 ---p 00000000 00:00 0 
7f5064f02000-7f5065000000 rw-p 00000000 00:00 0                          [stack:19780]
7f5065000000-7f5065270000 rwxp 00000000 00:00 0 
7f5065270000-7f506851a000 rw-p 00000000 00:00 0 
7f506851a000-7f506c000000 ---p 00000000 00:00 0 
7f506c000000-7f506c017000 r--s 00110000 07:00 1181434                    /home/activey/.m2/repository/xerces/xercesImpl/2.8.0/xercesImpl-2.8.0.jar
7f506c017000-7f506c01e000 r--s 00045000 07:00 1181491                    /home/activey/.m2/repository/xom/xom/1.2.5/xom-1.2.5.jar
7f506c01e000-7f506c021000 r--s 00023000 07:00 1177651                    /home/activey/.m2/repository/jdom/jdom/1.0/jdom-1.0.jar
7f506c021000-7f506c026000 r--s 00034000 07:00 1050352                    /home/activey/.m2/repository/commons-beanutils/commons-beanutils/1.8.3/commons-beanutils-1.8.3.jar
7f506c026000-7f506c02d000 r--s 000b2000 07:00 1181298                    /home/activey/.m2/repository/rhino/js/1.7R1/js-1.7R1.jar
7f506c02d000-7f506c030000 r--s 00018000 07:00 1050550                    /home/activey/.m2/repository/commons-io/commons-io/1.4/commons-io-1.4.jar
7f506c030000-7f506c038000 r--s 00028000 07:00 1181468                    /home/activey/.m2/repository/xml-apis/xml-apis/1.3.03/xml-apis-1.3.03.jar
7f506c038000-7f506c03d000 r--s 00048000 07:00 1050643                    /home/activey/.m2/repository/dom4j/dom4j/1.6.1/dom4j-1.6.1.jar
7f506c03d000-7f506c07a000 r--s 00294000 07:00 1181087                    /home/activey/.m2/repository/org/springframework/spring/2.5.6/spring-2.5.6.jar
7f506c07a000-7f506c07b000 r--s 00006000 07:00 1050726                    /home/activey/.m2/repository/jakarta-regexp/jakarta-regexp/1.4/jakarta-regexp-1.4.jar
7f506c07b000-7f506c085000 r--s 00079000 07:00 1179763                    /home/activey/.m2/repository/org/apache/bcel/bcel/5.2/bcel-5.2.jar
7f506c085000-7f506c087000 r--s 0000d000 07:00 1050608                    /home/activey/.m2/repository/commons-logging/commons-logging/1.1.1/commons-logging-1.1.1.jar
7f506c087000-7f506c08a000 ---p 00000000 00:00 0 
7f506c08a000-7f506c188000 rw-p 00000000 00:00 0                          [stack:19777]
7f506c188000-7f506c18c000 r-xp 00000000 07:00 4348                       /usr/lib/jvm/java-6-openjdk-amd64/jre/lib/amd64/libdt_socket.so
7f506c18c000-7f506c38b000 ---p 00004000 07:00 4348                       /usr/lib/jvm/java-6-openjdk-amd64/jre/lib/amd64/libdt_socket.so
7f506c38b000-7f506c38c000 r--p 00003000 07:00 4348                       /usr/lib/jvm/java-6-openjdk-amd64/jre/lib/amd64/libdt_socket.so
7f506c38c000-7f506c38d000 rw-p 00004000 07:00 4348                       /usr/lib/jvm/java-6-openjdk-amd64/jre/lib/amd64/libdt_socket.so
7f506c38d000-7f506c390000 ---p 00000000 00:00 0 
7f506c390000-7f506c48e000 rw-p 00000000 00:00 0                          [stack:19775]
7f506c48e000-7f506c491000 ---p 00000000 00:00 0 
7f506c491000-7f506c58f000 rw-p 00000000 00:00 0                          [stack:19774]
7f506c58f000-7f506c592000 ---p 00000000 00:00 0 
7f506c592000-7f506c690000 rw-p 00000000 00:00 0                          [stack:19773]
7f506c690000-7f506c691000 ---p 00000000 00:00 0 
7f506c691000-7f506ccc9000 rw-p 00000000 00:00 0                          [stack:19772]
7f506ccc9000-7f506ce5b000 r--s 037c2000 07:00 4315                       /usr/lib/jvm/java-6-openjdk-amd64/jre/lib/rt.jar
7f506ce5b000-7f506ce83000 rw-p 00000000 00:00 0 
7f506ce83000-7f506ce84000 ---p 00000000 00:00 0 
7f506ce84000-7f506cf84000 rw-p 00000000 00:00 0                          [stack:19770]
7f506cf84000-7f506cf85000 ---p 00000000 00:00 0 
7f506cf85000-7f506d085000 rw-p 00000000 00:00 0                          [stack:19769]
7f506d085000-7f506d086000 ---p 00000000 00:00 0 
7f506d086000-7f506d186000 rw-p 00000000 00:00 0                          [stack:19768]
7f506d186000-7f506d187000 ---p 00000000 00:00 0 
7f506d187000-7f506d299000 rw-p 00000000 00:00 0                          [stack:19767]
7f506d299000-7f506d2da000 rw-p 00000000 00:00 0 
7f506d2da000-7f506d303000 rw-p 00000000 00:00 0 
7f506d303000-7f506d562000 rw-p 00000000 00:00 0 
7f506d562000-7f506d574000 rw-p 00000000 00:00 0 
7f506d574000-7f506d5b5000 rw-p 00000000 00:00 0 
7f506d5b5000-7f506d5de000 rw-p 00000000 00:00 0 
7f506d5de000-7f506d83d000 rw-p 00000000 00:00 0 
7f506d83d000-7f506d84f000 rw-p 00000000 00:00 0 
7f506d84f000-7f506d852000 ---p 00000000 00:00 0 
7f506d852000-7f506d981000 rw-p 00000000 00:00 0 
7f506d981000-7f506d982000 rw-p 00000000 00:00 0 
7f506d982000-7f506d989000 r-xp 00000000 07:00 4351                       /usr/lib/jvm/java-6-openjdk-amd64/jre/lib/amd64/libzip.so
7f506d989000-7f506db88000 ---p 00007000 07:00 4351                       /usr/lib/jvm/java-6-openjdk-amd64/jre/lib/amd64/libzip.so
7f506db88000-7f506db89000 r--p 00006000 07:00 4351                       /usr/lib/jvm/java-6-openjdk-amd64/jre/lib/amd64/libzip.so
7f506db89000-7f506db8a000 rw-p 00007000 07:00 4351                       /usr/lib/jvm/java-6-openjdk-amd64/jre/lib/amd64/libzip.so
7f506db8a000-7f506db96000 r-xp 00000000 07:00 528198                     /lib/x86_64-linux-gnu/libnss_files-2.15.so
7f506db96000-7f506dd95000 ---p 0000c000 07:00 528198                     /lib/x86_64-linux-gnu/libnss_files-2.15.so
7f506dd95000-7f506dd96000 r--p 0000b000 07:00 528198                     /lib/x86_64-linux-gnu/libnss_files-2.15.so
7f506dd96000-7f506dd97000 rw-p 0000c000 07:00 528198                     /lib/x86_64-linux-gnu/libnss_files-2.15.so
7f506dd97000-7f506dda1000 r-xp 00000000 07:00 528193                     /lib/x86_64-linux-gnu/libnss_nis-2.15.so
7f506dda1000-7f506dfa1000 ---p 0000a000 07:00 528193                     /lib/x86_64-linux-gnu/libnss_nis-2.15.so
7f506dfa1000-7f506dfa2000 r--p 0000a000 07:00 528193                     /lib/x86_64-linux-gnu/libnss_nis-2.15.so
7f506dfa2000-7f506dfa3000 rw-p 0000b000 07:00 528193                     /lib/x86_64-linux-gnu/libnss_nis-2.15.so
7f506dfa3000-7f506dfba000 r-xp 00000000 07:00 528228                     /lib/x86_64-linux-gnu/libnsl-2.15.so
7f506dfba000-7f506e1b9000 ---p 00017000 07:00 528228                     /lib/x86_64-linux-gnu/libnsl-2.15.so
7f506e1b9000-7f506e1ba000 r--p 00016000 07:00 528228                     /lib/x86_64-linux-gnu/libnsl-2.15.so
7f506e1ba000-7f506e1bb000 rw-p 00017000 07:00 528228                     /lib/x86_64-linux-gnu/libnsl-2.15.so
7f506e1bb000-7f506e1bd000 rw-p 00000000 00:00 0 
7f506e1bd000-7f506e1c5000 r-xp 00000000 07:00 528208                     /lib/x86_64-linux-gnu/libnss_compat-2.15.so
7f506e1c5000-7f506e3c4000 ---p 00008000 07:00 528208                     /lib/x86_64-linux-gnu/libnss_compat-2.15.so
7f506e3c4000-7f506e3c5000 r--p 00007000 07:00 528208                     /lib/x86_64-linux-gnu/libnss_compat-2.15.so
7f506e3c5000-7f506e3c6000 rw-p 00008000 07:00 528208                     /lib/x86_64-linux-gnu/libnss_compat-2.15.so
7f506e3c6000-7f506ec20000 r--p 00000000 07:00 1705403                    /usr/lib/locale/locale-archive
7f506ec20000-7f506ec23000 r-xp 00000000 07:00 4320                       /usr/lib/jvm/java-6-openjdk-amd64/jre/lib/amd64/libnpt.so
7f506ec23000-7f506ee22000 ---p 00003000 07:00 4320                       /usr/lib/jvm/java-6-openjdk-amd64/jre/lib/amd64/libnpt.so
7f506ee22000-7f506ee23000 r--p 00002000 07:00 4320                       /usr/lib/jvm/java-6-openjdk-amd64/jre/lib/amd64/libnpt.so
7f506ee23000-7f506ee24000 rw-p 00003000 07:00 4320                       /usr/lib/jvm/java-6-openjdk-amd64/jre/lib/amd64/libnpt.so
7f506ee24000-7f506ee5e000 r-xp 00000000 07:00 4326                       /usr/lib/jvm/java-6-openjdk-amd64/jre/lib/amd64/libjdwp.so
7f506ee5e000-7f506f05d000 ---p 0003a000 07:00 4326                       /usr/lib/jvm/java-6-openjdk-amd64/jre/lib/amd64/libjdwp.so
7f506f05d000-7f506f05e000 r--p 00039000 07:00 4326                       /usr/lib/jvm/java-6-openjdk-amd64/jre/lib/amd64/libjdwp.so
7f506f05e000-7f506f05f000 rw-p 0003a000 07:00 4326                       /usr/lib/jvm/java-6-openjdk-amd64/jre/lib/amd64/libjdwp.so
7f506f05f000-7f506f08c000 r-xp 00000000 07:00 4337                       /usr/lib/jvm/java-6-openjdk-amd64/jre/lib/amd64/libjava.so
7f506f08c000-7f506f28c000 ---p 0002d000 07:00 4337                       /usr/lib/jvm/java-6-openjdk-amd64/jre/lib/amd64/libjava.so
7f506f28c000-7f506f28d000 r--p 0002d000 07:00 4337                       /usr/lib/jvm/java-6-openjdk-amd64/jre/lib/amd64/libjava.so
7f506f28d000-7f506f290000 rw-p 0002e000 07:00 4337                       /usr/lib/jvm/java-6-openjdk-amd64/jre/lib/amd64/libjava.so
7f506f290000-7f506f29f000 r-xp 00000000 07:00 4336                       /usr/lib/jvm/java-6-openjdk-amd64/jre/lib/amd64/libverify.so
7f506f29f000-7f506f49e000 ---p 0000f000 07:00 4336                       /usr/lib/jvm/java-6-openjdk-amd64/jre/lib/amd64/libverify.so
7f506f49e000-7f506f4a0000 r--p 0000e000 07:00 4336                       /usr/lib/jvm/java-6-openjdk-amd64/jre/lib/amd64/libverify.so
7f506f4a0000-7f506f4a1000 rw-p 00010000 07:00 4336                       /usr/lib/jvm/java-6-openjdk-amd64/jre/lib/amd64/libverify.so
7f506f4a1000-7f506f4a8000 r-xp 00000000 07:00 528191                     /lib/x86_64-linux-gnu/librt-2.15.so
7f506f4a8000-7f506f6a7000 ---p 00007000 07:00 528191                     /lib/x86_64-linux-gnu/librt-2.15.so
7f506f6a7000-7f506f6a8000 r--p 00006000 07:00 528191                     /lib/x86_64-linux-gnu/librt-2.15.so
7f506f6a8000-7f506f6a9000 rw-p 00007000 07:00 528191                     /lib/x86_64-linux-gnu/librt-2.15.so
7f506f6a9000-7f506f6be000 r-xp 00000000 07:00 528220                     /lib/x86_64-linux-gnu/libgcc_s.so.1
7f506f6be000-7f506f8bd000 ---p 00015000 07:00 528220                     /lib/x86_64-linux-gnu/libgcc_s.so.1
7f506f8bd000-7f506f8be000 r--p 00014000 07:00 528220                     /lib/x86_64-linux-gnu/libgcc_s.so.1
7f506f8be000-7f506f8bf000 rw-p 00015000 07:00 528220                     /lib/x86_64-linux-gnu/libgcc_s.so.1
7f506f8bf000-7f506f9ba000 r-xp 00000000 07:00 528196                     /lib/x86_64-linux-gnu/libm-2.15.so
7f506f9ba000-7f506fbb9000 ---p 000fb000 07:00 528196                     /lib/x86_64-linux-gnu/libm-2.15.so
7f506fbb9000-7f506fbba000 r--p 000fa000 07:00 528196                     /lib/x86_64-linux-gnu/libm-2.15.so
7f506fbba000-7f506fbbb000 rw-p 000fb000 07:00 528196                     /lib/x86_64-linux-gnu/libm-2.15.so
7f506fbbb000-7f506fca0000 r-xp 00000000 07:00 1715587                    /usr/lib/x86_64-linux-gnu/libstdc++.so.6.0.17
7f506fca0000-7f506fe9f000 ---p 000e5000 07:00 1715587                    /usr/lib/x86_64-linux-gnu/libstdc++.so.6.0.17
7f506fe9f000-7f506fea7000 r--p 000e4000 07:00 1715587                    /usr/lib/x86_64-linux-gnu/libstdc++.so.6.0.17
7f506fea7000-7f506fea9000 rw-p 000ec000 07:00 1715587                    /usr/lib/x86_64-linux-gnu/libstdc++.so.6.0.17
7f506fea9000-7f506febe000 rw-p 00000000 00:00 0 
7f506febe000-7f50707dc000 r-xp 00000000 07:00 4341                       /usr/lib/jvm/java-6-openjdk-amd64/jre/lib/amd64/server/libjvm.so
7f50707dc000-7f50709dc000 ---p 0091e000 07:00 4341                       /usr/lib/jvm/java-6-openjdk-amd64/jre/lib/amd64/server/libjvm.so
7f50709dc000-7f5070a5c000 r--p 0091e000 07:00 4341                       /usr/lib/jvm/java-6-openjdk-amd64/jre/lib/amd64/server/libjvm.so
7f5070a5c000-7f5070a77000 rw-p 0099e000 07:00 4341                       /usr/lib/jvm/java-6-openjdk-amd64/jre/lib/amd64/server/libjvm.so
7f5070a77000-7f5070aa0000 rw-p 00000000 00:00 0 
7f5070aa0000-7f5070ab6000 r-xp 00000000 07:00 531530                     /lib/x86_64-linux-gnu/libz.so.1.2.7
7f5070ab6000-7f5070cb5000 ---p 00016000 07:00 531530                     /lib/x86_64-linux-gnu/libz.so.1.2.7
7f5070cb5000-7f5070cb6000 r--p 00015000 07:00 531530                     /lib/x86_64-linux-gnu/libz.so.1.2.7
7f5070cb6000-7f5070cb7000 rw-p 00016000 07:00 531530                     /lib/x86_64-linux-gnu/libz.so.1.2.7
7f5070cb7000-7f5070e6c000 r-xp 00000000 07:00 527285                     /lib/x86_64-linux-gnu/libc-2.15.so
7f5070e6c000-7f507106b000 ---p 001b5000 07:00 527285                     /lib/x86_64-linux-gnu/libc-2.15.so
7f507106b000-7f507106f000 r--p 001b4000 07:00 527285                     /lib/x86_64-linux-gnu/libc-2.15.so
7f507106f000-7f5071071000 rw-p 001b8000 07:00 527285                     /lib/x86_64-linux-gnu/libc-2.15.so
7f5071071000-7f5071076000 rw-p 00000000 00:00 0 
7f5071076000-7f5071078000 r-xp 00000000 07:00 527251                     /lib/x86_64-linux-gnu/libdl-2.15.so
7f5071078000-7f5071278000 ---p 00002000 07:00 527251                     /lib/x86_64-linux-gnu/libdl-2.15.so
7f5071278000-7f5071279000 r--p 00002000 07:00 527251                     /lib/x86_64-linux-gnu/libdl-2.15.so
7f5071279000-7f507127a000 rw-p 00003000 07:00 527251                     /lib/x86_64-linux-gnu/libdl-2.15.so
7f507127a000-7f507127e000 r-xp 00000000 07:00 4321                       /usr/lib/jvm/java-6-openjdk-amd64/jre/lib/amd64/jli/libjli.so
7f507127e000-7f507147d000 ---p 00004000 07:00 4321                       /usr/lib/jvm/java-6-openjdk-amd64/jre/lib/amd64/jli/libjli.so
7f507147d000-7f507147e000 r--p 00003000 07:00 4321                       /usr/lib/jvm/java-6-openjdk-amd64/jre/lib/amd64/jli/libjli.so
7f507147e000-7f507147f000 rw-p 00004000 07:00 4321                       /usr/lib/jvm/java-6-openjdk-amd64/jre/lib/amd64/jli/libjli.so
7f507147f000-7f5071497000 r-xp 00000000 07:00 528189                     /lib/x86_64-linux-gnu/libpthread-2.15.so
7f5071497000-7f5071696000 ---p 00018000 07:00 528189                     /lib/x86_64-linux-gnu/libpthread-2.15.so
7f5071696000-7f5071697000 r--p 00017000 07:00 528189                     /lib/x86_64-linux-gnu/libpthread-2.15.so
7f5071697000-7f5071698000 rw-p 00018000 07:00 528189                     /lib/x86_64-linux-gnu/libpthread-2.15.so
7f5071698000-7f507169c000 rw-p 00000000 00:00 0 
7f507169c000-7f50716be000 r-xp 00000000 07:00 528218                     /lib/x86_64-linux-gnu/ld-2.15.so
7f50716bf000-7f50716c6000 r--s 000fb000 07:00 1748121                    /usr/lib/jvm/java-6-openjdk-common/jre/lib/resources.jar
7f50716c6000-7f50716cd000 r--s 00051000 07:00 1177750                    /home/activey/.m2/repository/log4j/log4j/1.2.12/log4j-1.2.12.jar
7f50716cd000-7f50716d1000 r--s 0007d000 07:00 1702341                    /usr/lib/jvm/java-6-openjdk-common/jre/lib/jsse.jar
7f50716d1000-7f50716d2000 r--s 00003000 07:00 1177931                    /home/activey/.m2/repository/org/slf4j/slf4j-api/1.4.3/slf4j-api-1.4.3.jar
7f50716d2000-7f50716d4000 r--s 00001000 07:00 1177899                    /home/activey/.m2/repository/org/slf4j/slf4j-log4j12/1.4.3/slf4j-log4j12-1.4.3.jar
7f50716d4000-7f50716d8000 r--s 0002d000 07:00 1059600                    /home/activey/.m2/repository/asm/asm-all/3.1/asm-all-3.1.jar
7f50716d8000-7f50716db000 r--s 0001c000 07:00 1323113                    /home/activey/.m2/repository/org/lightwolf/lightwolf-continuations/0.0.1/lightwolf-continuations-0.0.1.jar
7f50716db000-7f50716e5000 rw-p 00000000 00:00 0 
7f50716e5000-7f507179b000 rw-p 00000000 00:00 0 
7f507179b000-7f507179e000 ---p 00000000 00:00 0 
7f507179e000-7f50718a1000 rw-p 00000000 00:00 0                          [stack:19762]
7f50718a2000-7f50718a4000 r--s 00001000 07:00 5283                       /usr/lib/jvm/java-6-openjdk-common/jre/lib/ext/dnsns.jar
7f50718a4000-7f50718a6000 r--s 0000f000 07:00 6151                       /usr/lib/jvm/java-6-openjdk-common/jre/lib/ext/pulse-java.jar
7f50718a6000-7f50718a9000 r--s 00031000 07:00 5198                       /usr/lib/jvm/java-6-openjdk-common/jre/lib/ext/sunjce_provider.jar
7f50718a9000-7f50718ad000 r--s 00038000 07:00 5142                       /usr/lib/jvm/java-6-openjdk-common/jre/lib/ext/sunpkcs11.jar
7f50718ad000-7f50718af000 r--s 00006000 07:00 166                        /usr/share/java/java-atk-wrapper.jar
7f50718af000-7f50718b2000 r--s 00077000 07:00 5196                       /usr/lib/jvm/java-6-openjdk-common/jre/lib/ext/localedata.jar
7f50718b2000-7f50718ba000 rw-s 00000000 07:00 1318643                    /tmp/hsperfdata_activey/19761
7f50718ba000-7f50718bb000 rw-p 00000000 00:00 0 
7f50718bb000-7f50718bc000 r--p 00000000 00:00 0 
7f50718bc000-7f50718be000 rw-p 00000000 00:00 0 
7f50718be000-7f50718bf000 r--p 00022000 07:00 528218                     /lib/x86_64-linux-gnu/ld-2.15.so
7f50718bf000-7f50718c1000 rw-p 00023000 07:00 528218                     /lib/x86_64-linux-gnu/ld-2.15.so
7fff900e7000-7fff90109000 rw-p 00000000 00:00 0                          [stack]
7fff901ff000-7fff90200000 r-xp 00000000 00:00 0                          [vdso]
ffffffffff600000-ffffffffff601000 r-xp 00000000 00:00 0                  [vsyscall]

VM Arguments:
jvm_args: -agentlib:jdwp=transport=dt_socket,suspend=y,address=localhost:57533 -Dfile.encoding=UTF-8 
java_command: pl.doa.DOAStarter
Launcher Type: SUN_STANDARD

Environment Variables:
PATH=/usr/lib/lightdm/lightdm:/usr/local/sbin:/usr/local/bin:/usr/sbin:/usr/bin:/sbin:/bin:/usr/games:/usr/local/games
LD_LIBRARY_PATH=/usr/lib/jvm/java-6-openjdk-amd64/jre/lib/amd64/server:/usr/lib/jvm/java-6-openjdk-amd64/jre/lib/amd64:/usr/lib/jvm/java-6-openjdk-amd64/jre/../lib/amd64
SHELL=/bin/bash
DISPLAY=:0.0

Signal Handlers:
SIGSEGV: [libjvm.so+0x7987f0], sa_mask[0]=0x7ffbfeff, sa_flags=0x10000004
SIGBUS: [libjvm.so+0x7987f0], sa_mask[0]=0x7ffbfeff, sa_flags=0x10000004
SIGFPE: [libjvm.so+0x65f690], sa_mask[0]=0x7ffbfeff, sa_flags=0x10000004
SIGPIPE: [libjvm.so+0x65f690], sa_mask[0]=0x7ffbfeff, sa_flags=0x10000004
SIGXFSZ: [libjvm.so+0x65f690], sa_mask[0]=0x7ffbfeff, sa_flags=0x10000004
SIGILL: [libjvm.so+0x65f690], sa_mask[0]=0x7ffbfeff, sa_flags=0x10000004
SIGUSR1: SIG_DFL, sa_mask[0]=0x00000000, sa_flags=0x00000000
SIGUSR2: [libjvm.so+0x65f850], sa_mask[0]=0x00000004, sa_flags=0x10000004
SIGHUP: [libjvm.so+0x6621b0], sa_mask[0]=0x7ffbfeff, sa_flags=0x10000004
SIGINT: [libjvm.so+0x6621b0], sa_mask[0]=0x7ffbfeff, sa_flags=0x10000004
SIGTERM: [libjvm.so+0x6621b0], sa_mask[0]=0x7ffbfeff, sa_flags=0x10000004
SIGQUIT: [libjvm.so+0x6621b0], sa_mask[0]=0x7ffbfeff, sa_flags=0x10000004


---------------  S Y S T E M  ---------------

OS:Ubuntu 12.10 (quantal)
uname:Linux 3.5.0-19-generic #30-Ubuntu SMP Tue Nov 13 17:48:01 UTC 2012 x86_64
libc:glibc 2.15 NPTL 2.15 
rlimit: STACK 8192k, CORE 0k, NPROC 61982, NOFILE 4096, AS infinity
load average:0,18 0,24 0,29

/proc/meminfo:
MemTotal:        7961296 kB
MemFree:          254280 kB
Buffers:         2231188 kB
Cached:          3236092 kB
SwapCached:            0 kB
Active:          2864692 kB
Inactive:        4430080 kB
Active(anon):    1266576 kB
Inactive(anon):   654192 kB
Active(file):    1598116 kB
Inactive(file):  3775888 kB
Unevictable:       32892 kB
Mlocked:           31464 kB
SwapTotal:        262140 kB
SwapFree:         262140 kB
Dirty:              3852 kB
Writeback:             0 kB
AnonPages:       1860304 kB
Mapped:           215596 kB
Shmem:             85980 kB
Slab:             257012 kB
SReclaimable:     215616 kB
SUnreclaim:        41396 kB
KernelStack:        4408 kB
PageTables:        31988 kB
NFS_Unstable:          0 kB
Bounce:                0 kB
WritebackTmp:          0 kB
CommitLimit:     4242788 kB
Committed_AS:    4453740 kB
VmallocTotal:   34359738367 kB
VmallocUsed:      566668 kB
VmallocChunk:   34359161336 kB
HardwareCorrupted:     0 kB
AnonHugePages:         0 kB
HugePages_Total:       0
HugePages_Free:        0
HugePages_Rsvd:        0
HugePages_Surp:        0
Hugepagesize:       2048 kB
DirectMap4k:       68216 kB
DirectMap2M:     7120896 kB


CPU:total 4 (2 cores per cpu, 2 threads per core) family 6 model 37 stepping 5, cmov, cx8, fxsr, mmx, sse, sse2, sse3, ssse3, sse4.1, sse4.2, popcnt, ht

Memory: 4k page, physical 7961296k(254280k free), swap 262140k(262140k free)

vm_info: OpenJDK 64-Bit Server VM (20.0-b12) for linux-amd64 JRE (1.6.0_24-b24), built on Oct 24 2012 15:46:19 by "buildd" with gcc 4.7.2

time: Sat Jan 12 14:32:10 2013
elapsed time: 876 seconds

